<?xml version="1.0" encoding="UTF-8"?>
<!-- Generated by org.testng.reporters.JUnitXMLReporter -->
<testsuite ignored="0" hostname="DESKTOP-T3M8LUK" failures="0" tests="5" name="C:/Users/SOPAN/IdeaProjects/MavenProject" time="0.501" errors="0" timestamp="2023-09-12T23:38:16 IST">
  <testcase classname="annotation.AnnotationExample" name="@BeforeMethod beforeAnnotationExample" time="0.233">
    <failure type="org.openqa.selenium.remote.NoSuchDriverException" message="chromedriver located at C:\Users\SOPAN\Downloads\chromedriver-win64\chromedriver.exe, but invalid
For documentation on this error, please visit: https://www.selenium.dev/documentation/webdriver/troubleshooting/errors/driver_location/
Build info: version: &amp;apos;4.11.0&amp;apos;, revision: &amp;apos;040bc5406b&amp;apos;
System info: os.name: &amp;apos;Windows 10&amp;apos;, os.arch: &amp;apos;amd64&amp;apos;, os.version: &amp;apos;10.0&amp;apos;, java.version: &amp;apos;11.0.19&amp;apos;
Driver info: driver.version: ChromeDriver">
      <![CDATA[org.openqa.selenium.remote.NoSuchDriverException: chromedriver located at C:\Users\SOPAN\Downloads\chromedriver-win64\chromedriver.exe, but invalid
For documentation on this error, please visit: https://www.selenium.dev/documentation/webdriver/troubleshooting/errors/driver_location/
Build info: version: '4.11.0', revision: '040bc5406b'
System info: os.name: 'Windows 10', os.arch: 'amd64', os.version: '10.0', java.version: '11.0.19'
Driver info: driver.version: ChromeDriver
at org.openqa.selenium.remote.service.DriverFinder.getPath(DriverFinder.java:45)
at org.openqa.selenium.remote.service.DriverFinder.getPath(DriverFinder.java:13)
at org.openqa.selenium.chrome.ChromeDriver.generateExecutor(ChromeDriver.java:99)
at org.openqa.selenium.chrome.ChromeDriver.<init>(ChromeDriver.java:88)
at org.openqa.selenium.chrome.ChromeDriver.<init>(ChromeDriver.java:83)
at org.openqa.selenium.chrome.ChromeDriver.<init>(ChromeDriver.java:72)
at annotation.AnnotationExample.beforeAnnotationExample(AnnotationExample.java:20)
at java.base/jdk.internal.reflect.NativeMethodAccessorImpl.invoke0(Native Method)
at java.base/jdk.internal.reflect.NativeMethodAccessorImpl.invoke(NativeMethodAccessorImpl.java:62)
at java.base/jdk.internal.reflect.DelegatingMethodAccessorImpl.invoke(DelegatingMethodAccessorImpl.java:43)
at java.base/java.lang.reflect.Method.invoke(Method.java:566)
at org.testng.internal.invokers.MethodInvocationHelper.invokeMethod(MethodInvocationHelper.java:139)
at org.testng.internal.invokers.MethodInvocationHelper.invokeMethodConsideringTimeout(MethodInvocationHelper.java:69)
at org.testng.internal.invokers.ConfigInvoker.invokeConfigurationMethod(ConfigInvoker.java:390)
at org.testng.internal.invokers.ConfigInvoker.invokeConfigurations(ConfigInvoker.java:325)
at org.testng.internal.invokers.TestInvoker.runConfigMethods(TestInvoker.java:810)
at org.testng.internal.invokers.TestInvoker.invokeMethod(TestInvoker.java:577)
at org.testng.internal.invokers.TestInvoker.invokeTestMethod(TestInvoker.java:227)
at org.testng.internal.invokers.MethodRunner.runInSequence(MethodRunner.java:50)
at org.testng.internal.invokers.TestInvoker$MethodInvocationAgent.invoke(TestInvoker.java:957)
at org.testng.internal.invokers.TestInvoker.invokeTestMethods(TestInvoker.java:200)
at org.testng.internal.invokers.TestMethodWorker.invokeTestMethods(TestMethodWorker.java:148)
at org.testng.internal.invokers.TestMethodWorker.run(TestMethodWorker.java:128)
at java.base/java.util.ArrayList.forEach(ArrayList.java:1541)
at org.testng.TestRunner.privateRun(TestRunner.java:848)
at org.testng.TestRunner.run(TestRunner.java:621)
at org.testng.SuiteRunner.runTest(SuiteRunner.java:443)
at org.testng.SuiteRunner.runSequentially(SuiteRunner.java:437)
at org.testng.SuiteRunner.privateRun(SuiteRunner.java:397)
at org.testng.SuiteRunner.run(SuiteRunner.java:336)
at org.testng.SuiteRunnerWorker.runSuite(SuiteRunnerWorker.java:52)
at org.testng.SuiteRunnerWorker.run(SuiteRunnerWorker.java:95)
at org.testng.TestNG.runSuitesSequentially(TestNG.java:1280)
at org.testng.TestNG.runSuitesLocally(TestNG.java:1200)
at org.testng.TestNG.runSuites(TestNG.java:1114)
at org.testng.TestNG.run(TestNG.java:1082)
at com.intellij.rt.testng.IDEARemoteTestNG.run(IDEARemoteTestNG.java:66)
at com.intellij.rt.testng.RemoteTestNGStarter.main(RemoteTestNGStarter.java:105)
]]>
    </failure>
  </testcase> <!-- @BeforeMethod beforeAnnotationExample -->
  <testcase classname="annotation.AnnotationExample" name="@AfterMethod afterAnnotationExample" time="0.0">
    <skipped/>
  </testcase> <!-- @AfterMethod afterAnnotationExample -->
  <testcase classname="annotation.AnnotationExample" name="@BeforeMethod beforeAnnotationExample" time="0.0">
    <skipped/>
  </testcase> <!-- @BeforeMethod beforeAnnotationExample -->
  <testcase classname="annotation.AnnotationExample" name="@AfterMethod afterAnnotationExample" time="0.0">
    <skipped/>
  </testcase> <!-- @AfterMethod afterAnnotationExample -->
  <testcase classname="annotation.AnnotationExample" name="@BeforeMethod beforeAnnotationExample" time="0.0">
    <skipped/>
  </testcase> <!-- @BeforeMethod beforeAnnotationExample -->
  <testcase classname="annotation.AnnotationExample" name="@AfterMethod afterAnnotationExample" time="0.0">
    <skipped/>
  </testcase> <!-- @AfterMethod afterAnnotationExample -->
  <testcase classname="annotation.AnnotationExample" name="@BeforeMethod beforeAnnotationExample" time="0.0">
    <skipped/>
  </testcase> <!-- @BeforeMethod beforeAnnotationExample -->
  <testcase classname="annotation.AnnotationExample" name="@AfterMethod afterAnnotationExample" time="0.0">
    <skipped/>
  </testcase> <!-- @AfterMethod afterAnnotationExample -->
  <testcase classname="annotation.AnnotationExample" name="@BeforeMethod beforeAnnotationExample" time="0.0">
    <skipped/>
  </testcase> <!-- @BeforeMethod beforeAnnotationExample -->
  <testcase classname="annotation.AnnotationExample" name="@AfterMethod afterAnnotationExample" time="0.0">
    <skipped/>
  </testcase> <!-- @AfterMethod afterAnnotationExample -->
  <testcase classname="annotation.AnnotationExample" name="testAnnotation1" time="0.001">
    <skipped/>
  </testcase> <!-- testAnnotation1 -->
  <testcase classname="annotation.AnnotationExample" name="testAnnotation2" time="0.0">
    <skipped/>
  </testcase> <!-- testAnnotation2 -->
  <testcase classname="annotation.AnnotationExample" name="testAnnotation3" time="0.0">
    <skipped/>
  </testcase> <!-- testAnnotation3 -->
  <testcase classname="annotation.AnnotationExample" name="testAnnotation4" time="0.0">
    <skipped/>
  </testcase> <!-- testAnnotation4 -->
  <testcase classname="annotation.AnnotationExample" name="testAnnotation5" time="0.0">
    <skipped/>
  </testcase> <!-- testAnnotation5 -->
</testsuite> <!-- C:/Users/SOPAN/IdeaProjects/MavenProject -->
